<?xml version="1.0" encoding="UTF-8"?>
<!-- Generated by org.testng.reporters.JUnitReportReporter -->
<testsuite hostname="DESKTOP-S1MVL0H" failures="0" tests="1" name="com.Testcase.CrmCalStep" time="0.189" errors="0" timestamp="2021-01-18T22:39:40 IST" skipped="0">
  <testcase classname="com.Testcase.CrmCalStep" name="calendar" time="0.189"/>
  <system-out/>
</testsuite> <!-- com.Testcase.CrmCalStep -->
